<?xml version="1.0" encoding="UTF-8"?>
<!-- Generated by org.testng.reporters.JUnitReportReporter -->
<testsuite hostname="Anand-Seena" failures="0" tests="1" name="Demo.Test1" time="0.020" errors="0" timestamp="2023-01-09T15:26:40 IST" skipped="0">
  <testcase classname="Demo.Test1" name="tc1" time="0.020"/>
  <system-out>
    <![CDATA[Hello World]]>
  </system-out>
</testsuite> <!-- Demo.Test1 -->
