<?xml version="1.0" encoding="UTF-8"?>
<!-- Generated by org.testng.reporters.JUnitReportReporter -->
<testsuite hostname="Anand-Seena" failures="0" tests="1" name="Demo.Test2" time="0.016" errors="0" timestamp="2023-01-09T15:24:07 IST" skipped="0">
  <testcase classname="Demo.Test2" name="tc2" time="0.016"/>
  <system-out>
    <![CDATA[Hii world]]>
  </system-out>
</testsuite> <!-- Demo.Test2 -->
